ERROR - 2025-05-29 15:01:48 --> Error connecting to the database: mysqli_sql_exception: Access denied for user ''@'localhost' (using password: NO) in /var/www/codeIgniter-Projects/tasks/vendor/codeigniter4/framework/system/Database/MySQLi/Connection.php:201
Stack trace:
#0 /var/www/codeIgniter-Projects/tasks/vendor/codeigniter4/framework/system/Database/MySQLi/Connection.php(201): mysqli->real_connect()
#1 /var/www/codeIgniter-Projects/tasks/vendor/codeigniter4/framework/system/Database/BaseConnection.php(421): CodeIgniter\Database\MySQLi\Connection->connect()
#2 /var/www/codeIgniter-Projects/tasks/vendor/codeigniter4/framework/system/Database/BaseConnection.php(620): CodeIgniter\Database\BaseConnection->initialize()
#3 /var/www/codeIgniter-Projects/tasks/vendor/codeigniter4/framework/system/Database/BaseConnection.php(1525): CodeIgniter\Database\BaseConnection->query()
#4 /var/www/codeIgniter-Projects/tasks/vendor/codeigniter4/framework/system/Database/BaseConnection.php(1545): CodeIgniter\Database\BaseConnection->listTables()
#5 /var/www/codeIgniter-Projects/tasks/vendor/codeigniter4/framework/system/Database/MigrationRunner.php(768): CodeIgniter\Database\BaseConnection->tableExists()
#6 /var/www/codeIgniter-Projects/tasks/vendor/codeigniter4/framework/system/Database/MigrationRunner.php(162): CodeIgniter\Database\MigrationRunner->ensureTable()
#7 /var/www/codeIgniter-Projects/tasks/vendor/codeigniter4/framework/system/Commands/Database/Migrate.php(85): CodeIgniter\Database\MigrationRunner->latest()
#8 /var/www/codeIgniter-Projects/tasks/vendor/codeigniter4/shield/src/Commands/Setup.php(430): CodeIgniter\Commands\Database\Migrate->run()
#9 /var/www/codeIgniter-Projects/tasks/vendor/codeigniter4/shield/src/Commands/Setup.php(97): CodeIgniter\Shield\Commands\Setup->runMigrations()
#10 /var/www/codeIgniter-Projects/tasks/vendor/codeigniter4/shield/src/Commands/Setup.php(82): CodeIgniter\Shield\Commands\Setup->publishConfig()
#11 /var/www/codeIgniter-Projects/tasks/vendor/codeigniter4/framework/system/CLI/Commands.php(74): CodeIgniter\Shield\Commands\Setup->run()
#12 /var/www/codeIgniter-Projects/tasks/vendor/codeigniter4/framework/system/CLI/Console.php(47): CodeIgniter\CLI\Commands->run()
#13 /var/www/codeIgniter-Projects/tasks/vendor/codeigniter4/framework/system/Boot.php(360): CodeIgniter\CLI\Console->run()
#14 /var/www/codeIgniter-Projects/tasks/vendor/codeigniter4/framework/system/Boot.php(104): CodeIgniter\Boot::runCommand()
#15 /var/www/codeIgniter-Projects/tasks/spark(87): CodeIgniter\Boot::bootSpark()
#16 {main}

Next CodeIgniter\Database\Exceptions\DatabaseException: Access denied for user ''@'localhost' (using password: NO) in /var/www/codeIgniter-Projects/tasks/vendor/codeigniter4/framework/system/Database/MySQLi/Connection.php:246
Stack trace:
#0 /var/www/codeIgniter-Projects/tasks/vendor/codeigniter4/framework/system/Database/BaseConnection.php(421): CodeIgniter\Database\MySQLi\Connection->connect()
#1 /var/www/codeIgniter-Projects/tasks/vendor/codeigniter4/framework/system/Database/BaseConnection.php(620): CodeIgniter\Database\BaseConnection->initialize()
#2 /var/www/codeIgniter-Projects/tasks/vendor/codeigniter4/framework/system/Database/BaseConnection.php(1525): CodeIgniter\Database\BaseConnection->query()
#3 /var/www/codeIgniter-Projects/tasks/vendor/codeigniter4/framework/system/Database/BaseConnection.php(1545): CodeIgniter\Database\BaseConnection->listTables()
#4 /var/www/codeIgniter-Projects/tasks/vendor/codeigniter4/framework/system/Database/MigrationRunner.php(768): CodeIgniter\Database\BaseConnection->tableExists()
#5 /var/www/codeIgniter-Projects/tasks/vendor/codeigniter4/framework/system/Database/MigrationRunner.php(162): CodeIgniter\Database\MigrationRunner->ensureTable()
#6 /var/www/codeIgniter-Projects/tasks/vendor/codeigniter4/framework/system/Commands/Database/Migrate.php(85): CodeIgniter\Database\MigrationRunner->latest()
#7 /var/www/codeIgniter-Projects/tasks/vendor/codeigniter4/shield/src/Commands/Setup.php(430): CodeIgniter\Commands\Database\Migrate->run()
#8 /var/www/codeIgniter-Projects/tasks/vendor/codeigniter4/shield/src/Commands/Setup.php(97): CodeIgniter\Shield\Commands\Setup->runMigrations()
#9 /var/www/codeIgniter-Projects/tasks/vendor/codeigniter4/shield/src/Commands/Setup.php(82): CodeIgniter\Shield\Commands\Setup->publishConfig()
#10 /var/www/codeIgniter-Projects/tasks/vendor/codeigniter4/framework/system/CLI/Commands.php(74): CodeIgniter\Shield\Commands\Setup->run()
#11 /var/www/codeIgniter-Projects/tasks/vendor/codeigniter4/framework/system/CLI/Console.php(47): CodeIgniter\CLI\Commands->run()
#12 /var/www/codeIgniter-Projects/tasks/vendor/codeigniter4/framework/system/Boot.php(360): CodeIgniter\CLI\Console->run()
#13 /var/www/codeIgniter-Projects/tasks/vendor/codeigniter4/framework/system/Boot.php(104): CodeIgniter\Boot::runCommand()
#14 /var/www/codeIgniter-Projects/tasks/spark(87): CodeIgniter\Boot::bootSpark()
#15 {main}
ERROR - 2025-05-29 15:05:56 --> Error connecting to the database: mysqli_sql_exception: Access denied for user ''@'localhost' (using password: NO) in /var/www/codeIgniter-Projects/tasks/vendor/codeigniter4/framework/system/Database/MySQLi/Connection.php:201
Stack trace:
#0 /var/www/codeIgniter-Projects/tasks/vendor/codeigniter4/framework/system/Database/MySQLi/Connection.php(201): mysqli->real_connect()
#1 /var/www/codeIgniter-Projects/tasks/vendor/codeigniter4/framework/system/Database/BaseConnection.php(421): CodeIgniter\Database\MySQLi\Connection->connect()
#2 /var/www/codeIgniter-Projects/tasks/vendor/codeigniter4/framework/system/Database/BaseConnection.php(620): CodeIgniter\Database\BaseConnection->initialize()
#3 /var/www/codeIgniter-Projects/tasks/vendor/codeigniter4/framework/system/Database/BaseConnection.php(1525): CodeIgniter\Database\BaseConnection->query()
#4 /var/www/codeIgniter-Projects/tasks/vendor/codeigniter4/framework/system/Database/BaseConnection.php(1545): CodeIgniter\Database\BaseConnection->listTables()
#5 /var/www/codeIgniter-Projects/tasks/vendor/codeigniter4/framework/system/Database/MigrationRunner.php(768): CodeIgniter\Database\BaseConnection->tableExists()
#6 /var/www/codeIgniter-Projects/tasks/vendor/codeigniter4/framework/system/Database/MigrationRunner.php(162): CodeIgniter\Database\MigrationRunner->ensureTable()
#7 /var/www/codeIgniter-Projects/tasks/vendor/codeigniter4/framework/system/Commands/Database/Migrate.php(85): CodeIgniter\Database\MigrationRunner->latest()
#8 /var/www/codeIgniter-Projects/tasks/vendor/codeigniter4/framework/system/CLI/Commands.php(74): CodeIgniter\Commands\Database\Migrate->run()
#9 /var/www/codeIgniter-Projects/tasks/vendor/codeigniter4/framework/system/CLI/Console.php(47): CodeIgniter\CLI\Commands->run()
#10 /var/www/codeIgniter-Projects/tasks/vendor/codeigniter4/framework/system/Boot.php(360): CodeIgniter\CLI\Console->run()
#11 /var/www/codeIgniter-Projects/tasks/vendor/codeigniter4/framework/system/Boot.php(104): CodeIgniter\Boot::runCommand()
#12 /var/www/codeIgniter-Projects/tasks/spark(87): CodeIgniter\Boot::bootSpark()
#13 {main}

Next CodeIgniter\Database\Exceptions\DatabaseException: Access denied for user ''@'localhost' (using password: NO) in /var/www/codeIgniter-Projects/tasks/vendor/codeigniter4/framework/system/Database/MySQLi/Connection.php:246
Stack trace:
#0 /var/www/codeIgniter-Projects/tasks/vendor/codeigniter4/framework/system/Database/BaseConnection.php(421): CodeIgniter\Database\MySQLi\Connection->connect()
#1 /var/www/codeIgniter-Projects/tasks/vendor/codeigniter4/framework/system/Database/BaseConnection.php(620): CodeIgniter\Database\BaseConnection->initialize()
#2 /var/www/codeIgniter-Projects/tasks/vendor/codeigniter4/framework/system/Database/BaseConnection.php(1525): CodeIgniter\Database\BaseConnection->query()
#3 /var/www/codeIgniter-Projects/tasks/vendor/codeigniter4/framework/system/Database/BaseConnection.php(1545): CodeIgniter\Database\BaseConnection->listTables()
#4 /var/www/codeIgniter-Projects/tasks/vendor/codeigniter4/framework/system/Database/MigrationRunner.php(768): CodeIgniter\Database\BaseConnection->tableExists()
#5 /var/www/codeIgniter-Projects/tasks/vendor/codeigniter4/framework/system/Database/MigrationRunner.php(162): CodeIgniter\Database\MigrationRunner->ensureTable()
#6 /var/www/codeIgniter-Projects/tasks/vendor/codeigniter4/framework/system/Commands/Database/Migrate.php(85): CodeIgniter\Database\MigrationRunner->latest()
#7 /var/www/codeIgniter-Projects/tasks/vendor/codeigniter4/framework/system/CLI/Commands.php(74): CodeIgniter\Commands\Database\Migrate->run()
#8 /var/www/codeIgniter-Projects/tasks/vendor/codeigniter4/framework/system/CLI/Console.php(47): CodeIgniter\CLI\Commands->run()
#9 /var/www/codeIgniter-Projects/tasks/vendor/codeigniter4/framework/system/Boot.php(360): CodeIgniter\CLI\Console->run()
#10 /var/www/codeIgniter-Projects/tasks/vendor/codeigniter4/framework/system/Boot.php(104): CodeIgniter\Boot::runCommand()
#11 /var/www/codeIgniter-Projects/tasks/spark(87): CodeIgniter\Boot::bootSpark()
#12 {main}
ERROR - 2025-05-29 15:08:20 --> Error connecting to the database: mysqli_sql_exception: Access denied for user ''@'localhost' (using password: NO) in /var/www/codeIgniter-Projects/tasks/vendor/codeigniter4/framework/system/Database/MySQLi/Connection.php:201
Stack trace:
#0 /var/www/codeIgniter-Projects/tasks/vendor/codeigniter4/framework/system/Database/MySQLi/Connection.php(201): mysqli->real_connect()
#1 /var/www/codeIgniter-Projects/tasks/vendor/codeigniter4/framework/system/Database/BaseConnection.php(421): CodeIgniter\Database\MySQLi\Connection->connect()
#2 /var/www/codeIgniter-Projects/tasks/vendor/codeigniter4/framework/system/Database/BaseConnection.php(620): CodeIgniter\Database\BaseConnection->initialize()
#3 /var/www/codeIgniter-Projects/tasks/vendor/codeigniter4/framework/system/Database/BaseConnection.php(1525): CodeIgniter\Database\BaseConnection->query()
#4 /var/www/codeIgniter-Projects/tasks/vendor/codeigniter4/framework/system/Database/BaseConnection.php(1545): CodeIgniter\Database\BaseConnection->listTables()
#5 /var/www/codeIgniter-Projects/tasks/vendor/codeigniter4/framework/system/Database/MigrationRunner.php(768): CodeIgniter\Database\BaseConnection->tableExists()
#6 /var/www/codeIgniter-Projects/tasks/vendor/codeigniter4/framework/system/Database/MigrationRunner.php(162): CodeIgniter\Database\MigrationRunner->ensureTable()
#7 /var/www/codeIgniter-Projects/tasks/vendor/codeigniter4/framework/system/Commands/Database/Migrate.php(85): CodeIgniter\Database\MigrationRunner->latest()
#8 /var/www/codeIgniter-Projects/tasks/vendor/codeigniter4/framework/system/CLI/Commands.php(74): CodeIgniter\Commands\Database\Migrate->run()
#9 /var/www/codeIgniter-Projects/tasks/vendor/codeigniter4/framework/system/CLI/Console.php(47): CodeIgniter\CLI\Commands->run()
#10 /var/www/codeIgniter-Projects/tasks/vendor/codeigniter4/framework/system/Boot.php(360): CodeIgniter\CLI\Console->run()
#11 /var/www/codeIgniter-Projects/tasks/vendor/codeigniter4/framework/system/Boot.php(104): CodeIgniter\Boot::runCommand()
#12 /var/www/codeIgniter-Projects/tasks/spark(87): CodeIgniter\Boot::bootSpark()
#13 {main}

Next CodeIgniter\Database\Exceptions\DatabaseException: Access denied for user ''@'localhost' (using password: NO) in /var/www/codeIgniter-Projects/tasks/vendor/codeigniter4/framework/system/Database/MySQLi/Connection.php:246
Stack trace:
#0 /var/www/codeIgniter-Projects/tasks/vendor/codeigniter4/framework/system/Database/BaseConnection.php(421): CodeIgniter\Database\MySQLi\Connection->connect()
#1 /var/www/codeIgniter-Projects/tasks/vendor/codeigniter4/framework/system/Database/BaseConnection.php(620): CodeIgniter\Database\BaseConnection->initialize()
#2 /var/www/codeIgniter-Projects/tasks/vendor/codeigniter4/framework/system/Database/BaseConnection.php(1525): CodeIgniter\Database\BaseConnection->query()
#3 /var/www/codeIgniter-Projects/tasks/vendor/codeigniter4/framework/system/Database/BaseConnection.php(1545): CodeIgniter\Database\BaseConnection->listTables()
#4 /var/www/codeIgniter-Projects/tasks/vendor/codeigniter4/framework/system/Database/MigrationRunner.php(768): CodeIgniter\Database\BaseConnection->tableExists()
#5 /var/www/codeIgniter-Projects/tasks/vendor/codeigniter4/framework/system/Database/MigrationRunner.php(162): CodeIgniter\Database\MigrationRunner->ensureTable()
#6 /var/www/codeIgniter-Projects/tasks/vendor/codeigniter4/framework/system/Commands/Database/Migrate.php(85): CodeIgniter\Database\MigrationRunner->latest()
#7 /var/www/codeIgniter-Projects/tasks/vendor/codeigniter4/framework/system/CLI/Commands.php(74): CodeIgniter\Commands\Database\Migrate->run()
#8 /var/www/codeIgniter-Projects/tasks/vendor/codeigniter4/framework/system/CLI/Console.php(47): CodeIgniter\CLI\Commands->run()
#9 /var/www/codeIgniter-Projects/tasks/vendor/codeigniter4/framework/system/Boot.php(360): CodeIgniter\CLI\Console->run()
#10 /var/www/codeIgniter-Projects/tasks/vendor/codeigniter4/framework/system/Boot.php(104): CodeIgniter\Boot::runCommand()
#11 /var/www/codeIgniter-Projects/tasks/spark(87): CodeIgniter\Boot::bootSpark()
#12 {main}
DEBUG - 2025-05-29 17:02:03 --> Session: Class initialized using 'CodeIgniter\Session\Handlers\FileHandler' driver.
DEBUG - 2025-05-29 17:02:03 --> Session: Class initialized using 'CodeIgniter\Session\Handlers\FileHandler' driver.
DEBUG - 2025-05-29 17:02:03 --> Session: Class initialized using 'CodeIgniter\Session\Handlers\FileHandler' driver.
DEBUG - 2025-05-29 17:02:29 --> Session: Class initialized using 'CodeIgniter\Session\Handlers\FileHandler' driver.
DEBUG - 2025-05-29 17:02:29 --> Session: Class initialized using 'CodeIgniter\Session\Handlers\FileHandler' driver.
DEBUG - 2025-05-29 17:02:29 --> Session: Class initialized using 'CodeIgniter\Session\Handlers\FileHandler' driver.
DEBUG - 2025-05-29 17:02:40 --> Session: Class initialized using 'CodeIgniter\Session\Handlers\FileHandler' driver.
DEBUG - 2025-05-29 17:02:40 --> Session: Class initialized using 'CodeIgniter\Session\Handlers\FileHandler' driver.
DEBUG - 2025-05-29 17:02:40 --> Session: Class initialized using 'CodeIgniter\Session\Handlers\FileHandler' driver.
DEBUG - 2025-05-29 17:02:49 --> Session: Class initialized using 'CodeIgniter\Session\Handlers\FileHandler' driver.
DEBUG - 2025-05-29 17:02:49 --> Session: Class initialized using 'CodeIgniter\Session\Handlers\FileHandler' driver.
DEBUG - 2025-05-29 17:02:49 --> Session: Class initialized using 'CodeIgniter\Session\Handlers\FileHandler' driver.
DEBUG - 2025-05-29 17:02:52 --> Session: Class initialized using 'CodeIgniter\Session\Handlers\FileHandler' driver.
DEBUG - 2025-05-29 17:02:52 --> Session: Class initialized using 'CodeIgniter\Session\Handlers\FileHandler' driver.
DEBUG - 2025-05-29 17:02:52 --> Session: Class initialized using 'CodeIgniter\Session\Handlers\FileHandler' driver.
DEBUG - 2025-05-29 17:02:53 --> Session: Class initialized using 'CodeIgniter\Session\Handlers\FileHandler' driver.
DEBUG - 2025-05-29 17:02:53 --> Session: Class initialized using 'CodeIgniter\Session\Handlers\FileHandler' driver.
DEBUG - 2025-05-29 17:02:53 --> Session: Class initialized using 'CodeIgniter\Session\Handlers\FileHandler' driver.
DEBUG - 2025-05-29 17:02:53 --> Session: Class initialized using 'CodeIgniter\Session\Handlers\FileHandler' driver.
DEBUG - 2025-05-29 17:02:53 --> Session: Class initialized using 'CodeIgniter\Session\Handlers\FileHandler' driver.
DEBUG - 2025-05-29 17:02:53 --> Session: Class initialized using 'CodeIgniter\Session\Handlers\FileHandler' driver.
DEBUG - 2025-05-29 17:02:54 --> Session: Class initialized using 'CodeIgniter\Session\Handlers\FileHandler' driver.
DEBUG - 2025-05-29 17:02:54 --> Session: Class initialized using 'CodeIgniter\Session\Handlers\FileHandler' driver.
DEBUG - 2025-05-29 17:02:54 --> Session: Class initialized using 'CodeIgniter\Session\Handlers\FileHandler' driver.
DEBUG - 2025-05-29 17:04:12 --> Session: Class initialized using 'CodeIgniter\Session\Handlers\FileHandler' driver.
DEBUG - 2025-05-29 17:04:12 --> Session: Class initialized using 'CodeIgniter\Session\Handlers\FileHandler' driver.
DEBUG - 2025-05-29 17:04:12 --> Session: Class initialized using 'CodeIgniter\Session\Handlers\FileHandler' driver.
DEBUG - 2025-05-29 17:04:36 --> Session: Class initialized using 'CodeIgniter\Session\Handlers\FileHandler' driver.
DEBUG - 2025-05-29 17:04:36 --> Session: Class initialized using 'CodeIgniter\Session\Handlers\FileHandler' driver.
DEBUG - 2025-05-29 17:04:36 --> Session: Class initialized using 'CodeIgniter\Session\Handlers\FileHandler' driver.
DEBUG - 2025-05-29 17:04:39 --> Session: Class initialized using 'CodeIgniter\Session\Handlers\FileHandler' driver.
DEBUG - 2025-05-29 17:04:39 --> Session: Class initialized using 'CodeIgniter\Session\Handlers\FileHandler' driver.
DEBUG - 2025-05-29 17:04:39 --> Session: Class initialized using 'CodeIgniter\Session\Handlers\FileHandler' driver.
DEBUG - 2025-05-29 17:04:49 --> Session: Class initialized using 'CodeIgniter\Session\Handlers\FileHandler' driver.
DEBUG - 2025-05-29 17:04:49 --> Session: Class initialized using 'CodeIgniter\Session\Handlers\FileHandler' driver.
DEBUG - 2025-05-29 17:04:49 --> Session: Class initialized using 'CodeIgniter\Session\Handlers\FileHandler' driver.
DEBUG - 2025-05-29 17:32:12 --> Session: Class initialized using 'CodeIgniter\Session\Handlers\FileHandler' driver.
DEBUG - 2025-05-29 17:32:12 --> Session: Class initialized using 'CodeIgniter\Session\Handlers\FileHandler' driver.
DEBUG - 2025-05-29 17:32:36 --> Session: Class initialized using 'CodeIgniter\Session\Handlers\FileHandler' driver.
DEBUG - 2025-05-29 17:32:36 --> Session: Class initialized using 'CodeIgniter\Session\Handlers\FileHandler' driver.
DEBUG - 2025-05-29 17:32:36 --> Session: Class initialized using 'CodeIgniter\Session\Handlers\FileHandler' driver.
DEBUG - 2025-05-29 17:33:30 --> Session: Class initialized using 'CodeIgniter\Session\Handlers\FileHandler' driver.
DEBUG - 2025-05-29 17:33:30 --> Session: Class initialized using 'CodeIgniter\Session\Handlers\FileHandler' driver.
DEBUG - 2025-05-29 17:33:42 --> Session: Class initialized using 'CodeIgniter\Session\Handlers\FileHandler' driver.
DEBUG - 2025-05-29 17:33:42 --> Session: Class initialized using 'CodeIgniter\Session\Handlers\FileHandler' driver.
DEBUG - 2025-05-29 18:27:26 --> Session: Class initialized using 'CodeIgniter\Session\Handlers\FileHandler' driver.
DEBUG - 2025-05-29 18:27:26 --> Session: Class initialized using 'CodeIgniter\Session\Handlers\FileHandler' driver.
DEBUG - 2025-05-29 18:27:26 --> Session: Class initialized using 'CodeIgniter\Session\Handlers\FileHandler' driver.
